SF:lib\core\errors\failures.dart
DA:4,1
LF:1
LH:1
end_of_record
SF:lib\features\number_trivia\data\datasources\number_trivia_local_data_source.dart
DA:20,0
DA:21,0
DA:23,0
DA:24,0
DA:26,0
DA:29,0
DA:31,0
DA:33,0
DA:34,0
DA:35,0
DA:37,0
LF:11
LH:0
end_of_record
SF:lib\features\number_trivia\data\datasources\number_trivia_remote_data_source.dart
DA:13,0
DA:14,0
DA:16,0
DA:19,0
DA:21,0
DA:24,0
DA:25,0
DA:27,0
DA:31,0
DA:32,0
DA:34,0
LF:11
LH:0
end_of_record
SF:lib\features\number_trivia\data\models\number_trivia_model.dart
DA:4,2
DA:5,0
DA:6,0
DA:7,0
DA:9,0
DA:10,0
LF:6
LH:1
end_of_record
SF:lib\features\number_trivia\data\respositories\number_trivia_repo_impl.dart
DA:15,1
DA:20,1
DA:23,4
DA:26,1
DA:28,4
DA:30,1
DA:33,2
DA:35,1
DA:36,2
DA:37,3
DA:39,1
DA:40,0
DA:41,0
DA:45,2
DA:46,1
DA:47,1
DA:48,2
LF:17
LH:15
end_of_record
SF:lib\features\number_trivia\domain\entities\number_trivia.dart
DA:6,2
DA:7,0
DA:8,0
LF:3
LH:1
end_of_record
